<?xml version="1.0" encoding="UTF-8"?>
<!-- Generated by org.testng.reporters.JUnitReportReporter -->
<testsuite hostname="Jinuu-PC" failures="0" tests="8" name="com.practice.qa.testcases.LoginPageTest" time="41.471" errors="0" timestamp="2022-10-11T17:54:39 EDT" skipped="0">
  <testcase classname="com.practice.qa.testcases.LoginPageTest" name="loginPageTitleTest" time="4.346"/>
  <system-out/>
  <testcase classname="com.practice.qa.testcases.LoginPageTest" name="loginTest" time="4.536"/>
  <system-out/>
  <testcase classname="com.practice.qa.testcases.LoginPageTest" name="emptyEmailAndPasswordTest" time="4.784"/>
  <system-out/>
  <testcase classname="com.practice.qa.testcases.LoginPageTest" name="emptyEmailTest" time="4.960"/>
  <system-out/>
  <testcase classname="com.practice.qa.testcases.LoginPageTest" name="emptyPasswordTest" time="5.257"/>
  <system-out/>
  <testcase classname="com.practice.qa.testcases.LoginPageTest" name="wrongEmailTest" time="6.484"/>
  <system-out/>
  <testcase classname="com.practice.qa.testcases.LoginPageTest" name="wrongPasswordTest" time="5.523"/>
  <system-out/>
  <testcase classname="com.practice.qa.testcases.LoginPageTest" name="wrongEmailAndPasswordTest" time="5.581"/>
  <system-out/>
</testsuite> <!-- com.practice.qa.testcases.LoginPageTest -->
