<?xml version="1.0" encoding="UTF-8"?>
<!-- Generated by org.testng.reporters.JUnitReportReporter -->
<testsuite hostname="Jinuu-PC" failures="0" tests="1" name="com.practice.qa.testcases.HomePageTest" time="15.404" errors="0" timestamp="2022-10-12T16:35:31 EDT" skipped="0">
  <testcase classname="com.practice.qa.testcases.HomePageTest" name="verifyFooterLinkLocationTest" time="15.404"/>
  <system-out/>
</testsuite> <!-- com.practice.qa.testcases.HomePageTest -->
