<?xml version="1.0" encoding="UTF-8"?>
<!-- Generated by org.testng.reporters.JUnitReportReporter -->
<testsuite hostname="Jinuu-PC" failures="0" tests="4" name="com.practice.qa.testcases.FooterLinksTest" time="69.824" errors="0" timestamp="2022-10-12T17:07:07 EDT" skipped="0">
  <testcase classname="com.practice.qa.testcases.FooterLinksTest" name="verifyAboutUsLinkTest" time="25.655"/>
  <system-out/>
  <testcase classname="com.practice.qa.testcases.FooterLinksTest" name="verifyContacttUsLinkTest" time="18.880"/>
  <system-out/>
  <testcase classname="com.practice.qa.testcases.FooterLinksTest" name="verifyPrivacyPolicyLinkTest" time="12.701"/>
  <system-out/>
  <testcase classname="com.practice.qa.testcases.FooterLinksTest" name="verifyCopyRightTextTest" time="12.588"/>
  <system-out/>
</testsuite> <!-- com.practice.qa.testcases.FooterLinksTest -->
